<?xml version="1.0" encoding="UTF-8"?>
<!-- Generated by org.testng.reporters.JUnitXMLReporter -->
<testsuite hostname="USER-20160327TR" name="Command line test" tests="2" failures="0" timestamp="20 May 2016 03:28:19 GMT" time="0.027" errors="0">
  <testcase name="@BeforeMethod beforeTest" time="0.0" classname="com.zf.appium.num1.Demo2Test">
    <failure type="org.testng.TestNGException" message="
Parameter &amp;apos;port&amp;apos; is required by @Configuration on method beforeTest but has not been marked @Optional or defined
">
      <![CDATA[org.testng.TestNGException: 
Parameter 'port' is required by @Configuration on method beforeTest but has not been marked @Optional or defined

... Removed 33 stack frames]]>
    </failure>
  </testcase> <!-- @BeforeMethod beforeTest -->
  <testcase name="@AfterMethod afterTest" time="0.0" classname="com.zf.appium.num1.Demo2Test">
    <skipped/>
  </testcase> <!-- @AfterMethod afterTest -->
  <testcase name="@BeforeMethod beforeTest" time="0.0" classname="com.zf.appium.num1.DemoTest">
    <failure type="org.testng.TestNGException" message="
Parameter &amp;apos;port&amp;apos; is required by @Configuration on method beforeTest but has not been marked @Optional or defined
">
      <![CDATA[org.testng.TestNGException: 
Parameter 'port' is required by @Configuration on method beforeTest but has not been marked @Optional or defined

... Removed 33 stack frames]]>
    </failure>
  </testcase> <!-- @BeforeMethod beforeTest -->
  <testcase name="@AfterMethod afterTest" time="0.0" classname="com.zf.appium.num1.DemoTest">
    <skipped/>
  </testcase> <!-- @AfterMethod afterTest -->
  <testcase name="login" time="0.007" classname="com.zf.appium.num1.Demo2Test">
    <skipped/>
  </testcase> <!-- login -->
  <testcase name="login" time="0.0" classname="com.zf.appium.num1.DemoTest">
    <skipped/>
  </testcase> <!-- login -->
</testsuite> <!-- Command line test -->
