<?xml version="1.0" encoding="UTF-8"?>
<testng-results skipped="0" failed="0" total="1" passed="1">
  <reporter-output>
  </reporter-output>
  <suite name="Default suite" duration-ms="66500" started-at="2016-05-20T08:16:08Z" finished-at="2016-05-20T08:17:14Z">
    <groups>
    </groups>
    <test name="Default test" duration-ms="66500" started-at="2016-05-20T08:16:08Z" finished-at="2016-05-20T08:17:14Z">
      <class name="com.zf.appium.num1.LoginTest">
        <test-method status="PASS" signature="beforeTest(java.lang.String, java.lang.String)[pri:0, instance:com.zf.appium.num1.LoginTest@147eef21]" name="beforeTest" is-config="true" duration-ms="25307" started-at="2016-05-20T16:16:08Z" finished-at="2016-05-20T16:16:33Z">
          <params>
            <param index="0">
              <value>
                <![CDATA[not-found]]>
              </value>
            </param>
            <param index="1">
              <value>
                <![CDATA[not-found]]>
              </value>
            </param>
          </params>
          <reporter-output>
          </reporter-output>
        </test-method> <!-- beforeTest -->
        <test-method status="PASS" signature="login()[pri:0, instance:com.zf.appium.num1.LoginTest@147eef21]" name="login" duration-ms="39439" started-at="2016-05-20T16:16:33Z" finished-at="2016-05-20T16:17:12Z">
          <reporter-output>
          </reporter-output>
        </test-method> <!-- login -->
        <test-method status="PASS" signature="afterTest()[pri:0, instance:com.zf.appium.num1.LoginTest@147eef21]" name="afterTest" is-config="true" duration-ms="1734" started-at="2016-05-20T16:17:12Z" finished-at="2016-05-20T16:17:14Z">
          <reporter-output>
          </reporter-output>
        </test-method> <!-- afterTest -->
      </class> <!-- com.zf.appium.num1.LoginTest -->
    </test> <!-- Default test -->
  </suite> <!-- Default suite -->
</testng-results>
